SQL> rem 1. Todas las poblaciones de las provincias con una extensi¢n mayor que 10.000 km2.
SQL> 
SQL> select * from poblaciones where N_PROVINCIAS in (select N_PROVINCIA from provincias where EXT_PROV > 10000);

    ID_POB NOMB_POB                               HAB_POB    EXT_POB N_PROVINCIAS                                                                                                                                                                                                                                                                                                                                                                                                                                   
---------- ----------------------------------- ---------- ---------- --------------------                                                                                                                                                                                                                                                                                                                                                                                                                           
         3 CARTAGENA                               213943        558 MURCIA                                                                                                                                                                                                                                                                                                                                                                                                                                         
         4 MURCIA                                  447182        881 MURCIA                                                                                                                                                                                                                                                                                                                                                                                                                                         
         7 SEVILLA                                 688711        140 SEVILLA                                                                                                                                                                                                                                                                                                                                                                                                                                        
         8 UTRERA                                   52617        684 SEVILLA                                                                                                                                                                                                                                                                                                                                                                                                                                        

SQL> rem 2. Todas las sedes de las de la poblaci¢n 'UTRERA'.
SQL> 
SQL> select * from sedes, poblaciones where sedes.ID_POB = poblaciones.ID_POB and NOMB_POB = 'UTRERA';

   ID_SEDE TEL_SEDE  CALLE                              NUMERO         CP     TAMANO     ID_POB     ID_POB NOMB_POB                               HAB_POB    EXT_POB N_PROVINCIAS                                                                                                                                                                                                                                                                                                                                   
---------- --------- ------------------------------ ---------- ---------- ---------- ---------- ---------- ----------------------------------- ---------- ---------- --------------------                                                                                                                                                                                                                                                                                                                           
         6 956321546 Angel                                  60      36598         30          8          8 UTRERA                                   52617        684 SEVILLA                                                                                                                                                                                                                                                                                                                                        

SQL> rem ESTA CONSULTA ESTµ MAL PORQUE TAMBIEN DEVUELVE LOS DATOS DE LAS POBLACIONES (ESTO SE DEBE AL SELECT *). LAS POSIBLES SOLUCIONES SEERÖAN:
SQL> 
SQL> rem 2.1 Todas las sedes de las de la poblaci¢n 'UTRERA'.
SQL> 
SQL> select ID_SEDE, TEL_SEDE, CALLE, NUMERO, CP, TAMANO, sedes.ID_POB from sedes, poblaciones where sedes.ID_POB = poblaciones.ID_POB and NOMB_POB = 'UTRERA';

   ID_SEDE TEL_SEDE  CALLE                              NUMERO         CP     TAMANO     ID_POB                                                                                                                                                                                                                                                                                                                                                                                                                     
---------- --------- ------------------------------ ---------- ---------- ---------- ----------                                                                                                                                                                                                                                                                                                                                                                                                                     
         6 956321546 Angel                                  60      36598         30          8                                                                                                                                                                                                                                                                                                                                                                                                                     

SQL> rem 2.2 Todas las sedes de las de la poblaci¢n 'UTRERA'.
SQL> 
SQL> select sedes.* from sedes, poblaciones where sedes.ID_POB = poblaciones.ID_POB and NOMB_POB = 'UTRERA';

   ID_SEDE TEL_SEDE  CALLE                              NUMERO         CP     TAMANO     ID_POB                                                                                                                                                                                                                                                                                                                                                                                                                     
---------- --------- ------------------------------ ---------- ---------- ---------- ----------                                                                                                                                                                                                                                                                                                                                                                                                                     
         6 956321546 Angel                                  60      36598         30          8                                                                                                                                                                                                                                                                                                                                                                                                                     

SQL> 
SQL> rem 5. La direcci¢n de las sedes de la provincia de Madrid
SQL> 
SQL> select CALLE, NUMERO, CP from sedes, poblaciones where sedes.ID_POB = poblaciones.ID_POB and N_PROVINCIAS = 'MADRID';

CALLE                              NUMERO         CP                                                                                                                                                                                                                                                                                                                                                                                                                                                                
------------------------------ ---------- ----------                                                                                                                                                                                                                                                                                                                                                                                                                                                                
Valencia                               14      28300                                                                                                                                                                                                                                                                                                                                                                                                                                                                
Alcala                                227      28028                                                                                                                                                                                                                                                                                                                                                                                                                                                                
la Concha                               8      28300                                                                                                                                                                                                                                                                                                                                                                                                                                                                

SQL> 
SQL> rem 6. Los datos de la sede m s grande
SQL> 
SQL> select * from sedes where tamano = (select max(tamano) from sedes);

   ID_SEDE TEL_SEDE  CALLE                              NUMERO         CP     TAMANO     ID_POB                                                                                                                                                                                                                                                                                                                                                                                                                     
---------- --------- ------------------------------ ---------- ---------- ---------- ----------                                                                                                                                                                                                                                                                                                                                                                                                                     
         1 945625321 Valencia                               14      28300        286          2                                                                                                                                                                                                                                                                                                                                                                                                                     

SQL> 
SQL> rem 7. La m quina m s barata
SQL> 
SQL> select * from maquinas where COSTE_UD_MAQ = (select min(COSTE_UD_MAQ) from maquinas);

ID_PROD_MAQ COSTE_UD_MAQ NOMB_PROD_MAQ                                      DESC_PROD_MAQ                                                                                                                                                                                                                                                                                                TIPO                      LARGO      ANCHO                                                                                 
----------- ------------ -------------------------------------------------- ------------------------------------------------------------------------------------------------------------------------------------------------------------------------------------------------------------------------------------------------------------------------------------------------------------ -------------------- ---------- ----------                                                                                 
          1          499 Proform Tour de France CLC SMART Bicicleta Indoor  Bicicleta indoor genial que cuenta con una gran pantalla led y un asiento acolchado                                                                                                                                                                                                                          BICICLETA                   140         60                                                                                 

SQL> spool off
